01/06/2017 20:37:39 INICIANDO...
01/06/2017 20:37:39 1.10.0.1
01/06/2017 20:37:39 Usuário: Avell 1513()
01/06/2017 20:37:39 Versão do Sistema Operacional: 6.2.9200
01/06/2017 20:37:39 64 Bits: true
01/06/2017 20:37:39   ( 0.7 )
01/06/2017 20:37:39  
01/06/2017 20:37:39 Verificando se Firefox está instalado...
01/06/2017 20:37:39 Firefox não instalado.
01/06/2017 20:37:39 [Atualização Windows Installer] Verificando...
01/06/2017 20:37:39 [Atualização Windows Installer] Ok.
01/06/2017 20:37:39 [Terminal Services] Verificando...
01/06/2017 20:37:39 [Terminal Services] Ok.
01/06/2017 20:37:39 [Limpeza do cache IE] Verificando...
01/06/2017 20:37:39 [Limpeza do cache IE] Limpando...
01/06/2017 20:37:39 [Limpeza do cache IE] Ok.
01/06/2017 20:37:39 [Instalação do Plugin] Verificando...
01/06/2017 20:37:39 [Instalação do Plugin] Efetuando download do instalador...
01/06/2017 20:38:01 [Instalação do Plugin] Instalando...
01/06/2017 20:38:47 [Instalação do Plugin] Ok.
01/06/2017 20:38:47 [Ativação ActiveX IE] Verificando...
01/06/2017 20:38:47 [Ativação ActiveX IE] Ok.
01/06/2017 20:38:47 [Ativação do Plugin IE] Verificando...
01/06/2017 20:38:47 [Ativação do Plugin IE] Ok.
01/06/2017 20:38:47 [Checando serviço do WarSaw] Verificando...
01/06/2017 20:38:47 [Checando serviço do WarSaw] Efetuando download do instalador...
01/06/2017 20:38:52 [Checando serviço do WarSaw] Instalando...
01/06/2017 20:38:53 [Checando serviço do WarSaw] Efetuando download do instalador 64 bits...
01/06/2017 20:39:00 [Checando serviço do WarSaw] Instalando...
01/06/2017 20:39:01 [Checando serviço do WarSaw] Ok.
01/06/2017 20:39:01 [Instalando Warsaw] Verificando...
01/06/2017 20:39:01 [Instalando Warsaw] Efetuando download do instalador...
01/06/2017 20:40:16 [Instalando Warsaw] Instalando...
01/06/2017 20:40:40 [Instalando Warsaw] Ok.
01/06/2017 20:40:40 [Instalando configurações da CAIXA] Verificando...
01/06/2017 20:41:17 [Instalando configurações da CAIXA] Ok.
01/06/2017 20:41:17 CONCLUÍDO.
